
> medusa-starter-default@0.0.1 dev
> medusa develop

[32minfo[39m:    redisUrl not found. A fake redis instance will be used.
[32minfo[39m:    Watching filesystem to reload dev server on file change
[32minfo[39m:    redisUrl not found. A fake redis instance will be used.
[32minfo[39m:    redisUrl not found. A fake redis instance will be used.
[32minfo[39m:    Skipping instrumentation registration. No register function found.
[32minfo[39m:    redisUrl not found. A fake redis instance will be used.
[32minfo[39m:    No link to load from /Users/Karim/med-usa-4wd/node_modules/@medusajs/draft-order/.medusa/server/src/links. skipped.
[33mwarn[39m:    Local Event Bus installed. This is not recommended for production.
[32minfo[39m:    Locking module: Using "in-memory" as default.
[32minfo[39m:    No workflow to load from /Users/Karim/med-usa-4wd/node_modules/@medusajs/draft-order/.medusa/server/src/workflows. skipped.
[32minfo[39m:    No subscriber to load from /Users/Karim/med-usa-4wd/node_modules/@medusajs/draft-order/.medusa/server/src/subscribers. skipped.
[32minfo[39m:    No job to load from /Users/Karim/med-usa-4wd/node_modules/@medusajs/medusa/dist/jobs. skipped.
[32minfo[39m:    No job to load from /Users/Karim/med-usa-4wd/node_modules/@medusajs/draft-order/.medusa/server/src/jobs. skipped.
- Creating server
✔ Server is ready on port: 9000 – 2ms
[32minfo[39m:    Admin URL → http://localhost:9000/app
[32mhttp[39m:    GET /store/products?region_id=reg_01K9G4HA190556136E7RJQ4411&fields=*images,*variants ← - (200) - 184.966 ms
[32mhttp[39m:    GET /static/1762597233052-rainbow-beach.jpg ← - (200) - 3.166 ms
[32mhttp[39m:    GET /static/1762597232972-kgari-aerial.jpg ← - (200) - 2.922 ms
[32mhttp[39m:    GET /static/1762597233091-4wd-on-beach.jpg ← - (200) - 3.479 ms
[32mhttp[39m:    GET /static/1762597233127-kgari-wreck.jpg ← - (200) - 2.870 ms
[32mhttp[39m:    GET /static/1762597233168-Double-island-2.jpg ← - (200) - 1.571 ms
[32mhttp[39m:    GET /store/products?handle=1d-fraser-island&region_id=reg_01K9G4HA190556136E7RJQ4411&fields=*images,*variants ← - (200) - 49.989 ms
[32mhttp[39m:    GET /store/products?handle=1d-fraser-island&region_id=reg_01K9G4HA190556136E7RJQ4411&fields=*images,*variants ← - (200) - 79.567 ms
[32mhttp[39m:    GET /static/1762597232972-kgari-aerial.jpg ← - (200) - 0.656 ms
[32mhttp[39m:    GET /static/1762597232974-kgari-dingo.jpg ← - (200) - 1.817 ms
[32mhttp[39m:    GET /static/1762597232972-kgari-aerial.jpg ← - (200) - 0.633 ms
[32mhttp[39m:    OPTIONS /store/add-ons?region_id=reg_01K9G4HA190556136E7RJQ4411 ← http://localhost:8000/ (204) - 2.004 ms
{"timestamp":"2025-11-10T04:54:36.182Z","level":"debug","message":"Fetching add-ons collection","context":{"endpoint":"GET /store/add-ons","region_id":"reg_01K9G4HA190556136E7RJQ4411","currency_code":"aud"}}
{"timestamp":"2025-11-10T04:54:36.184Z","level":"debug","message":"Fetching products in add-ons collection with calculated prices","context":{"endpoint":"GET /store/add-ons","collectionId":"pcol_01K9FWH3KMH96DNKKBBB0M51XA"}}
{"timestamp":"2025-11-10T04:54:36.220Z","level":"info","message":"Add-ons fetched successfully","context":{"endpoint":"GET /store/add-ons","count":19,"timing_ms":37,"performanceTarget":true}}
[32mhttp[39m:    GET /store/add-ons?region_id=reg_01K9G4HA190556136E7RJQ4411 ← http://localhost:8000/ (200) - 44.145 ms
[32mhttp[39m:    OPTIONS /store/carts ← http://localhost:8000/ (204) - 0.721 ms
[32mhttp[39m:    POST /store/carts ← http://localhost:8000/ (200) - 196.151 ms
[32mhttp[39m:    OPTIONS /store/carts/cart_01K9P1VFMC0XG48KD9JRYN011A/line-items ← http://localhost:8000/ (204) - 0.802 ms
[32mhttp[39m:    POST /store/carts/cart_01K9P1VFMC0XG48KD9JRYN011A/line-items ← http://localhost:8000/ (200) - 180.342 ms
[32mhttp[39m:    OPTIONS /store/carts/cart_01K9P1VFMC0XG48KD9JRYN011A ← http://localhost:8000/ (204) - 1.382 ms
[32mhttp[39m:    POST /store/carts/cart_01K9P1VFMC0XG48KD9JRYN011A ← http://localhost:8000/ (200) - 207.543 ms
[32mhttp[39m:    OPTIONS /store/carts/cart_01K9P1VFMC0XG48KD9JRYN011A?fields=%2Bitems.*%2C%2Bitems.variant.*%2C%2Bitems.product.*%2C%2Bshipping_methods.*%2C%2Bshipping_address.*%2C%2Bbilling_address.*%2C%2Bpayment_collection.*%2C%2Bregion.* ← http://localhost:8000/ (204) - 1.789 ms
[32mhttp[39m:    GET /store/carts/cart_01K9P1VFMC0XG48KD9JRYN011A?fields=%2Bitems.*%2C%2Bitems.variant.*%2C%2Bitems.product.*%2C%2Bshipping_methods.*%2C%2Bshipping_address.*%2C%2Bbilling_address.*%2C%2Bpayment_collection.*%2C%2Bregion.* ← http://localhost:8000/ (200) - 28.040 ms
[32mhttp[39m:    OPTIONS /store/add-ons?region_id=reg_01K9G4HA190556136E7RJQ4411&tour_handle=1d-fraser-island ← http://localhost:8000/ (204) - 0.420 ms
[32mhttp[39m:    OPTIONS /store/add-ons?region_id=reg_01K9G4HA190556136E7RJQ4411&tour_handle=1d-fraser-island ← http://localhost:8000/ (204) - 0.408 ms
{"timestamp":"2025-11-10T04:54:41.302Z","level":"debug","message":"Fetching add-ons collection","context":{"endpoint":"GET /store/add-ons","region_id":"reg_01K9G4HA190556136E7RJQ4411","currency_code":"aud","tour_handle":"1d-fraser-island"}}
{"timestamp":"2025-11-10T04:54:41.303Z","level":"debug","message":"Fetching products in add-ons collection with calculated prices","context":{"endpoint":"GET /store/add-ons","collectionId":"pcol_01K9FWH3KMH96DNKKBBB0M51XA"}}
{"timestamp":"2025-11-10T04:54:41.307Z","level":"debug","message":"Fetching add-ons collection","context":{"endpoint":"GET /store/add-ons","region_id":"reg_01K9G4HA190556136E7RJQ4411","currency_code":"aud","tour_handle":"1d-fraser-island"}}
{"timestamp":"2025-11-10T04:54:41.309Z","level":"debug","message":"Fetching products in add-ons collection with calculated prices","context":{"endpoint":"GET /store/add-ons","collectionId":"pcol_01K9FWH3KMH96DNKKBBB0M51XA"}}
{"timestamp":"2025-11-10T04:54:41.336Z","level":"debug","message":"Filtered add-ons by tour","context":{"endpoint":"GET /store/add-ons","tour_handle":"1d-fraser-island","count":10}}
{"timestamp":"2025-11-10T04:54:41.337Z","level":"info","message":"Add-ons fetched successfully","context":{"endpoint":"GET /store/add-ons","count":10,"timing_ms":34,"performanceTarget":true}}
[32mhttp[39m:    GET /store/add-ons?region_id=reg_01K9G4HA190556136E7RJQ4411&tour_handle=1d-fraser-island ← http://localhost:8000/ (200) - 39.438 ms
{"timestamp":"2025-11-10T04:54:41.345Z","level":"debug","message":"Filtered add-ons by tour","context":{"endpoint":"GET /store/add-ons","tour_handle":"1d-fraser-island","count":10}}
{"timestamp":"2025-11-10T04:54:41.345Z","level":"info","message":"Add-ons fetched successfully","context":{"endpoint":"GET /store/add-ons","count":10,"timing_ms":38,"performanceTarget":true}}
[32mhttp[39m:    GET /store/add-ons?region_id=reg_01K9G4HA190556136E7RJQ4411&tour_handle=1d-fraser-island ← http://localhost:8000/ (200) - 44.974 ms
[32mhttp[39m:    OPTIONS /store/add-ons?region_id=reg_01K9G4HA190556136E7RJQ4411&tour_handle=1d-fraser-island ← http://localhost:8000/ (204) - 0.451 ms
{"timestamp":"2025-11-10T04:54:43.211Z","level":"debug","message":"Fetching add-ons collection","context":{"endpoint":"GET /store/add-ons","region_id":"reg_01K9G4HA190556136E7RJQ4411","currency_code":"aud","tour_handle":"1d-fraser-island"}}
{"timestamp":"2025-11-10T04:54:43.212Z","level":"debug","message":"Fetching products in add-ons collection with calculated prices","context":{"endpoint":"GET /store/add-ons","collectionId":"pcol_01K9FWH3KMH96DNKKBBB0M51XA"}}
[32mhttp[39m:    GET /store/carts/cart_01K9P1VFMC0XG48KD9JRYN011A?fields=%2Bitems.*%2C%2Bitems.variant.*%2C%2Bitems.product.*%2C%2Bshipping_methods.*%2C%2Bshipping_address.*%2C%2Bbilling_address.*%2C%2Bpayment_collection.*%2C%2Bregion.* ← http://localhost:8000/ (304) - 32.106 ms
{"timestamp":"2025-11-10T04:54:43.241Z","level":"debug","message":"Filtered add-ons by tour","context":{"endpoint":"GET /store/add-ons","tour_handle":"1d-fraser-island","count":10}}
{"timestamp":"2025-11-10T04:54:43.241Z","level":"info","message":"Add-ons fetched successfully","context":{"endpoint":"GET /store/add-ons","count":10,"timing_ms":31,"performanceTarget":true}}
[32mhttp[39m:    GET /store/add-ons?region_id=reg_01K9G4HA190556136E7RJQ4411&tour_handle=1d-fraser-island ← http://localhost:8000/ (200) - 36.814 ms
[32mhttp[39m:    POST /store/carts/cart_01K9P1VFMC0XG48KD9JRYN011A/line-items ← http://localhost:8000/ (200) - 115.352 ms
[32mhttp[39m:    GET /store/carts/cart_01K9P1VFMC0XG48KD9JRYN011A?fields=%2Bitems.*%2C%2Bitems.variant.*%2C%2Bitems.product.*%2C%2Bshipping_methods.*%2C%2Bshipping_address.*%2C%2Bbilling_address.*%2C%2Bpayment_collection.*%2C%2Bregion.* ← http://localhost:8000/ (200) - 22.399 ms
[32mhttp[39m:    OPTIONS /store/add-ons?region_id=reg_01K9G4HA190556136E7RJQ4411&tour_handle=1d-fraser-island ← http://localhost:8000/ (204) - 0.294 ms
[32mhttp[39m:    OPTIONS /store/carts/cart_01K9P1VFMC0XG48KD9JRYN011A/line-items/cali_01K9P1VJTCDS1AJKF4F6KTT7QB ← http://localhost:8000/ (204) - 0.562 ms
[32mhttp[39m:    OPTIONS /store/add-ons?region_id=reg_01K9G4HA190556136E7RJQ4411&tour_handle=1d-fraser-island ← http://localhost:8000/ (204) - 0.459 ms
{"timestamp":"2025-11-10T04:54:43.396Z","level":"debug","message":"Fetching add-ons collection","context":{"endpoint":"GET /store/add-ons","region_id":"reg_01K9G4HA190556136E7RJQ4411","currency_code":"aud","tour_handle":"1d-fraser-island"}}
{"timestamp":"2025-11-10T04:54:43.397Z","level":"debug","message":"Fetching add-ons collection","context":{"endpoint":"GET /store/add-ons","region_id":"reg_01K9G4HA190556136E7RJQ4411","currency_code":"aud","tour_handle":"1d-fraser-island"}}
{"timestamp":"2025-11-10T04:54:43.398Z","level":"debug","message":"Fetching products in add-ons collection with calculated prices","context":{"endpoint":"GET /store/add-ons","collectionId":"pcol_01K9FWH3KMH96DNKKBBB0M51XA"}}
{"timestamp":"2025-11-10T04:54:43.400Z","level":"debug","message":"Fetching products in add-ons collection with calculated prices","context":{"endpoint":"GET /store/add-ons","collectionId":"pcol_01K9FWH3KMH96DNKKBBB0M51XA"}}
{"timestamp":"2025-11-10T04:54:43.443Z","level":"debug","message":"Filtered add-ons by tour","context":{"endpoint":"GET /store/add-ons","tour_handle":"1d-fraser-island","count":10}}
{"timestamp":"2025-11-10T04:54:43.443Z","level":"info","message":"Add-ons fetched successfully","context":{"endpoint":"GET /store/add-ons","count":10,"timing_ms":47,"performanceTarget":true}}
[32mhttp[39m:    GET /store/add-ons?region_id=reg_01K9G4HA190556136E7RJQ4411&tour_handle=1d-fraser-island ← http://localhost:8000/ (200) - 54.586 ms
{"timestamp":"2025-11-10T04:54:43.446Z","level":"debug","message":"Filtered add-ons by tour","context":{"endpoint":"GET /store/add-ons","tour_handle":"1d-fraser-island","count":10}}
{"timestamp":"2025-11-10T04:54:43.446Z","level":"info","message":"Add-ons fetched successfully","context":{"endpoint":"GET /store/add-ons","count":10,"timing_ms":49,"performanceTarget":true}}
[32mhttp[39m:    GET /store/add-ons?region_id=reg_01K9G4HA190556136E7RJQ4411&tour_handle=1d-fraser-island ← http://localhost:8000/ (200) - 53.315 ms
[32mhttp[39m:    DELETE /store/carts/cart_01K9P1VFMC0XG48KD9JRYN011A/line-items/cali_01K9P1VJTCDS1AJKF4F6KTT7QB ← http://localhost:8000/ (200) - 104.002 ms
[32mhttp[39m:    GET /store/carts/cart_01K9P1VFMC0XG48KD9JRYN011A?fields=%2Bitems.*%2C%2Bitems.variant.*%2C%2Bitems.product.*%2C%2Bshipping_methods.*%2C%2Bshipping_address.*%2C%2Bbilling_address.*%2C%2Bpayment_collection.*%2C%2Bregion.* ← http://localhost:8000/ (200) - 21.127 ms
[32mhttp[39m:    OPTIONS /store/add-ons?region_id=reg_01K9G4HA190556136E7RJQ4411&tour_handle=1d-fraser-island ← http://localhost:8000/ (204) - 0.349 ms
{"timestamp":"2025-11-10T04:54:43.531Z","level":"debug","message":"Fetching add-ons collection","context":{"endpoint":"GET /store/add-ons","region_id":"reg_01K9G4HA190556136E7RJQ4411","currency_code":"aud","tour_handle":"1d-fraser-island"}}
{"timestamp":"2025-11-10T04:54:43.532Z","level":"debug","message":"Fetching products in add-ons collection with calculated prices","context":{"endpoint":"GET /store/add-ons","collectionId":"pcol_01K9FWH3KMH96DNKKBBB0M51XA"}}
{"timestamp":"2025-11-10T04:54:43.566Z","level":"debug","message":"Filtered add-ons by tour","context":{"endpoint":"GET /store/add-ons","tour_handle":"1d-fraser-island","count":10}}
{"timestamp":"2025-11-10T04:54:43.566Z","level":"info","message":"Add-ons fetched successfully","context":{"endpoint":"GET /store/add-ons","count":10,"timing_ms":35,"performanceTarget":true}}
[32mhttp[39m:    GET /store/add-ons?region_id=reg_01K9G4HA190556136E7RJQ4411&tour_handle=1d-fraser-island ← http://localhost:8000/ (200) - 39.053 ms
[32mhttp[39m:    OPTIONS /store/add-ons?region_id=reg_01K9G4HA190556136E7RJQ4411&tour_handle=1d-fraser-island ← http://localhost:8000/ (204) - 0.211 ms
{"timestamp":"2025-11-10T04:54:45.234Z","level":"debug","message":"Fetching add-ons collection","context":{"endpoint":"GET /store/add-ons","region_id":"reg_01K9G4HA190556136E7RJQ4411","currency_code":"aud","tour_handle":"1d-fraser-island"}}
{"timestamp":"2025-11-10T04:54:45.235Z","level":"debug","message":"Fetching products in add-ons collection with calculated prices","context":{"endpoint":"GET /store/add-ons","collectionId":"pcol_01K9FWH3KMH96DNKKBBB0M51XA"}}
[32mhttp[39m:    GET /store/carts/cart_01K9P1VFMC0XG48KD9JRYN011A?fields=%2Bitems.*%2C%2Bitems.variant.*%2C%2Bitems.product.*%2C%2Bshipping_methods.*%2C%2Bshipping_address.*%2C%2Bbilling_address.*%2C%2Bpayment_collection.*%2C%2Bregion.* ← http://localhost:8000/ (304) - 24.350 ms
[32mhttp[39m:    OPTIONS /store/carts/cart_01K9P1VFMC0XG48KD9JRYN011A/line-items ← http://localhost:8000/ (204) - 0.282 ms
{"timestamp":"2025-11-10T04:54:45.264Z","level":"debug","message":"Filtered add-ons by tour","context":{"endpoint":"GET /store/add-ons","tour_handle":"1d-fraser-island","count":10}}
{"timestamp":"2025-11-10T04:54:45.264Z","level":"info","message":"Add-ons fetched successfully","context":{"endpoint":"GET /store/add-ons","count":10,"timing_ms":30,"performanceTarget":true}}
[32mhttp[39m:    GET /store/add-ons?region_id=reg_01K9G4HA190556136E7RJQ4411&tour_handle=1d-fraser-island ← http://localhost:8000/ (200) - 33.140 ms
[32mhttp[39m:    POST /store/carts/cart_01K9P1VFMC0XG48KD9JRYN011A/line-items ← http://localhost:8000/ (200) - 127.847 ms
[32mhttp[39m:    GET /store/carts/cart_01K9P1VFMC0XG48KD9JRYN011A?fields=%2Bitems.*%2C%2Bitems.variant.*%2C%2Bitems.product.*%2C%2Bshipping_methods.*%2C%2Bshipping_address.*%2C%2Bbilling_address.*%2C%2Bpayment_collection.*%2C%2Bregion.* ← http://localhost:8000/ (200) - 25.300 ms
[32mhttp[39m:    OPTIONS /store/add-ons?region_id=reg_01K9G4HA190556136E7RJQ4411&tour_handle=1d-fraser-island ← http://localhost:8000/ (204) - 0.485 ms
[32mhttp[39m:    OPTIONS /store/carts/cart_01K9P1VFMC0XG48KD9JRYN011A/line-items/cali_01K9P1VMS979QSQ74T44TSW1PS ← http://localhost:8000/ (204) - 0.750 ms
[32mhttp[39m:    OPTIONS /store/add-ons?region_id=reg_01K9G4HA190556136E7RJQ4411&tour_handle=1d-fraser-island ← http://localhost:8000/ (204) - 0.165 ms
{"timestamp":"2025-11-10T04:54:45.425Z","level":"debug","message":"Fetching add-ons collection","context":{"endpoint":"GET /store/add-ons","region_id":"reg_01K9G4HA190556136E7RJQ4411","currency_code":"aud","tour_handle":"1d-fraser-island"}}
{"timestamp":"2025-11-10T04:54:45.427Z","level":"debug","message":"Fetching products in add-ons collection with calculated prices","context":{"endpoint":"GET /store/add-ons","collectionId":"pcol_01K9FWH3KMH96DNKKBBB0M51XA"}}
{"timestamp":"2025-11-10T04:54:45.429Z","level":"debug","message":"Fetching add-ons collection","context":{"endpoint":"GET /store/add-ons","region_id":"reg_01K9G4HA190556136E7RJQ4411","currency_code":"aud","tour_handle":"1d-fraser-island"}}
{"timestamp":"2025-11-10T04:54:45.430Z","level":"debug","message":"Fetching products in add-ons collection with calculated prices","context":{"endpoint":"GET /store/add-ons","collectionId":"pcol_01K9FWH3KMH96DNKKBBB0M51XA"}}
{"timestamp":"2025-11-10T04:54:45.460Z","level":"debug","message":"Filtered add-ons by tour","context":{"endpoint":"GET /store/add-ons","tour_handle":"1d-fraser-island","count":10}}
{"timestamp":"2025-11-10T04:54:45.460Z","level":"info","message":"Add-ons fetched successfully","context":{"endpoint":"GET /store/add-ons","count":10,"timing_ms":31,"performanceTarget":true}}
[32mhttp[39m:    GET /store/add-ons?region_id=reg_01K9G4HA190556136E7RJQ4411&tour_handle=1d-fraser-island ← http://localhost:8000/ (200) - 36.415 ms
{"timestamp":"2025-11-10T04:54:45.460Z","level":"debug","message":"Filtered add-ons by tour","context":{"endpoint":"GET /store/add-ons","tour_handle":"1d-fraser-island","count":10}}
{"timestamp":"2025-11-10T04:54:45.460Z","level":"info","message":"Add-ons fetched successfully","context":{"endpoint":"GET /store/add-ons","count":10,"timing_ms":35,"performanceTarget":true}}
[32mhttp[39m:    GET /store/add-ons?region_id=reg_01K9G4HA190556136E7RJQ4411&tour_handle=1d-fraser-island ← http://localhost:8000/ (200) - 41.869 ms
[32mhttp[39m:    DELETE /store/carts/cart_01K9P1VFMC0XG48KD9JRYN011A/line-items/cali_01K9P1VMS979QSQ74T44TSW1PS ← http://localhost:8000/ (200) - 93.306 ms
[32mhttp[39m:    GET /store/carts/cart_01K9P1VFMC0XG48KD9JRYN011A?fields=%2Bitems.*%2C%2Bitems.variant.*%2C%2Bitems.product.*%2C%2Bshipping_methods.*%2C%2Bshipping_address.*%2C%2Bbilling_address.*%2C%2Bpayment_collection.*%2C%2Bregion.* ← http://localhost:8000/ (200) - 24.669 ms
[32mhttp[39m:    OPTIONS /store/add-ons?region_id=reg_01K9G4HA190556136E7RJQ4411&tour_handle=1d-fraser-island ← http://localhost:8000/ (204) - 0.444 ms
{"timestamp":"2025-11-10T04:54:45.555Z","level":"debug","message":"Fetching add-ons collection","context":{"endpoint":"GET /store/add-ons","region_id":"reg_01K9G4HA190556136E7RJQ4411","currency_code":"aud","tour_handle":"1d-fraser-island"}}
{"timestamp":"2025-11-10T04:54:45.556Z","level":"debug","message":"Fetching products in add-ons collection with calculated prices","context":{"endpoint":"GET /store/add-ons","collectionId":"pcol_01K9FWH3KMH96DNKKBBB0M51XA"}}
{"timestamp":"2025-11-10T04:54:45.575Z","level":"debug","message":"Filtered add-ons by tour","context":{"endpoint":"GET /store/add-ons","tour_handle":"1d-fraser-island","count":10}}
{"timestamp":"2025-11-10T04:54:45.576Z","level":"info","message":"Add-ons fetched successfully","context":{"endpoint":"GET /store/add-ons","count":10,"timing_ms":21,"performanceTarget":true}}
[32mhttp[39m:    GET /store/add-ons?region_id=reg_01K9G4HA190556136E7RJQ4411&tour_handle=1d-fraser-island ← http://localhost:8000/ (200) - 22.933 ms
[32mhttp[39m:    OPTIONS /store/carts/cart_01K9P1VFMC0XG48KD9JRYN011A?fields=%2Bitems.*%2C%2Bitems.variant.*%2C%2Bitems.product.*%2C%2Bshipping_methods.*%2C%2Bshipping_address.*%2C%2Bbilling_address.*%2C%2Bpayment_collection.*%2C%2Bregion.* ← http://localhost:8000/ (204) - 0.341 ms
[32mhttp[39m:    OPTIONS /store/add-ons?region_id=reg_01K9G4HA190556136E7RJQ4411&tour_handle=1d-fraser-island ← http://localhost:8000/ (204) - 0.187 ms
{"timestamp":"2025-11-10T04:54:50.557Z","level":"debug","message":"Fetching add-ons collection","context":{"endpoint":"GET /store/add-ons","region_id":"reg_01K9G4HA190556136E7RJQ4411","currency_code":"aud","tour_handle":"1d-fraser-island"}}
{"timestamp":"2025-11-10T04:54:50.559Z","level":"debug","message":"Fetching products in add-ons collection with calculated prices","context":{"endpoint":"GET /store/add-ons","collectionId":"pcol_01K9FWH3KMH96DNKKBBB0M51XA"}}
[32mhttp[39m:    GET /store/carts/cart_01K9P1VFMC0XG48KD9JRYN011A?fields=%2Bitems.*%2C%2Bitems.variant.*%2C%2Bitems.product.*%2C%2Bshipping_methods.*%2C%2Bshipping_address.*%2C%2Bbilling_address.*%2C%2Bpayment_collection.*%2C%2Bregion.* ← http://localhost:8000/ (304) - 22.716 ms
[32mhttp[39m:    OPTIONS /store/carts/cart_01K9P1VFMC0XG48KD9JRYN011A/line-items ← http://localhost:8000/ (204) - 0.317 ms
{"timestamp":"2025-11-10T04:54:50.586Z","level":"debug","message":"Filtered add-ons by tour","context":{"endpoint":"GET /store/add-ons","tour_handle":"1d-fraser-island","count":10}}
{"timestamp":"2025-11-10T04:54:50.586Z","level":"info","message":"Add-ons fetched successfully","context":{"endpoint":"GET /store/add-ons","count":10,"timing_ms":29,"performanceTarget":true}}
[32mhttp[39m:    GET /store/add-ons?region_id=reg_01K9G4HA190556136E7RJQ4411&tour_handle=1d-fraser-island ← http://localhost:8000/ (200) - 33.531 ms
[32mhttp[39m:    POST /store/carts/cart_01K9P1VFMC0XG48KD9JRYN011A/line-items ← http://localhost:8000/ (200) - 113.074 ms
[32mhttp[39m:    GET /store/carts/cart_01K9P1VFMC0XG48KD9JRYN011A?fields=%2Bitems.*%2C%2Bitems.variant.*%2C%2Bitems.product.*%2C%2Bshipping_methods.*%2C%2Bshipping_address.*%2C%2Bbilling_address.*%2C%2Bpayment_collection.*%2C%2Bregion.* ← http://localhost:8000/ (200) - 25.645 ms
[32mhttp[39m:    OPTIONS /store/add-ons?region_id=reg_01K9G4HA190556136E7RJQ4411&tour_handle=1d-fraser-island ← http://localhost:8000/ (204) - 0.496 ms
[32mhttp[39m:    OPTIONS /store/carts/cart_01K9P1VFMC0XG48KD9JRYN011A/line-items/cali_01K9P1VSZRQ4G9GRE8XKRBNKME ← http://localhost:8000/ (204) - 0.341 ms
[32mhttp[39m:    OPTIONS /store/add-ons?region_id=reg_01K9G4HA190556136E7RJQ4411&tour_handle=1d-fraser-island ← http://localhost:8000/ (204) - 0.110 ms
{"timestamp":"2025-11-10T04:54:50.736Z","level":"debug","message":"Fetching add-ons collection","context":{"endpoint":"GET /store/add-ons","region_id":"reg_01K9G4HA190556136E7RJQ4411","currency_code":"aud","tour_handle":"1d-fraser-island"}}
{"timestamp":"2025-11-10T04:54:50.738Z","level":"debug","message":"Fetching products in add-ons collection with calculated prices","context":{"endpoint":"GET /store/add-ons","collectionId":"pcol_01K9FWH3KMH96DNKKBBB0M51XA"}}
{"timestamp":"2025-11-10T04:54:50.739Z","level":"debug","message":"Fetching add-ons collection","context":{"endpoint":"GET /store/add-ons","region_id":"reg_01K9G4HA190556136E7RJQ4411","currency_code":"aud","tour_handle":"1d-fraser-island"}}
{"timestamp":"2025-11-10T04:54:50.740Z","level":"debug","message":"Fetching products in add-ons collection with calculated prices","context":{"endpoint":"GET /store/add-ons","collectionId":"pcol_01K9FWH3KMH96DNKKBBB0M51XA"}}
{"timestamp":"2025-11-10T04:54:50.765Z","level":"debug","message":"Filtered add-ons by tour","context":{"endpoint":"GET /store/add-ons","tour_handle":"1d-fraser-island","count":10}}
{"timestamp":"2025-11-10T04:54:50.765Z","level":"info","message":"Add-ons fetched successfully","context":{"endpoint":"GET /store/add-ons","count":10,"timing_ms":29,"performanceTarget":true}}
[32mhttp[39m:    GET /store/add-ons?region_id=reg_01K9G4HA190556136E7RJQ4411&tour_handle=1d-fraser-island ← http://localhost:8000/ (200) - 33.754 ms
{"timestamp":"2025-11-10T04:54:50.767Z","level":"debug","message":"Filtered add-ons by tour","context":{"endpoint":"GET /store/add-ons","tour_handle":"1d-fraser-island","count":10}}
{"timestamp":"2025-11-10T04:54:50.767Z","level":"info","message":"Add-ons fetched successfully","context":{"endpoint":"GET /store/add-ons","count":10,"timing_ms":28,"performanceTarget":true}}
[32mhttp[39m:    GET /store/add-ons?region_id=reg_01K9G4HA190556136E7RJQ4411&tour_handle=1d-fraser-island ← http://localhost:8000/ (200) - 34.734 ms
[32mhttp[39m:    DELETE /store/carts/cart_01K9P1VFMC0XG48KD9JRYN011A/line-items/cali_01K9P1VSZRQ4G9GRE8XKRBNKME ← http://localhost:8000/ (200) - 80.402 ms
[32mhttp[39m:    GET /store/carts/cart_01K9P1VFMC0XG48KD9JRYN011A?fields=%2Bitems.*%2C%2Bitems.variant.*%2C%2Bitems.product.*%2C%2Bshipping_methods.*%2C%2Bshipping_address.*%2C%2Bbilling_address.*%2C%2Bpayment_collection.*%2C%2Bregion.* ← http://localhost:8000/ (200) - 18.614 ms
[32mhttp[39m:    OPTIONS /store/add-ons?region_id=reg_01K9G4HA190556136E7RJQ4411&tour_handle=1d-fraser-island ← http://localhost:8000/ (204) - 0.378 ms
{"timestamp":"2025-11-10T04:54:50.842Z","level":"debug","message":"Fetching add-ons collection","context":{"endpoint":"GET /store/add-ons","region_id":"reg_01K9G4HA190556136E7RJQ4411","currency_code":"aud","tour_handle":"1d-fraser-island"}}
{"timestamp":"2025-11-10T04:54:50.843Z","level":"debug","message":"Fetching products in add-ons collection with calculated prices","context":{"endpoint":"GET /store/add-ons","collectionId":"pcol_01K9FWH3KMH96DNKKBBB0M51XA"}}
{"timestamp":"2025-11-10T04:54:50.859Z","level":"debug","message":"Filtered add-ons by tour","context":{"endpoint":"GET /store/add-ons","tour_handle":"1d-fraser-island","count":10}}
{"timestamp":"2025-11-10T04:54:50.859Z","level":"info","message":"Add-ons fetched successfully","context":{"endpoint":"GET /store/add-ons","count":10,"timing_ms":17,"performanceTarget":true}}
[32mhttp[39m:    GET /store/add-ons?region_id=reg_01K9G4HA190556136E7RJQ4411&tour_handle=1d-fraser-island ← http://localhost:8000/ (200) - 20.317 ms
[32mhttp[39m:    OPTIONS /store/add-ons?region_id=reg_01K9G4HA190556136E7RJQ4411&tour_handle=1d-fraser-island ← http://localhost:8000/ (204) - 0.486 ms
{"timestamp":"2025-11-10T04:54:52.200Z","level":"debug","message":"Fetching add-ons collection","context":{"endpoint":"GET /store/add-ons","region_id":"reg_01K9G4HA190556136E7RJQ4411","currency_code":"aud","tour_handle":"1d-fraser-island"}}
{"timestamp":"2025-11-10T04:54:52.201Z","level":"debug","message":"Fetching products in add-ons collection with calculated prices","context":{"endpoint":"GET /store/add-ons","collectionId":"pcol_01K9FWH3KMH96DNKKBBB0M51XA"}}
{"timestamp":"2025-11-10T04:54:52.219Z","level":"debug","message":"Filtered add-ons by tour","context":{"endpoint":"GET /store/add-ons","tour_handle":"1d-fraser-island","count":10}}
{"timestamp":"2025-11-10T04:54:52.219Z","level":"info","message":"Add-ons fetched successfully","context":{"endpoint":"GET /store/add-ons","count":10,"timing_ms":19,"performanceTarget":true}}
[32mhttp[39m:    GET /store/add-ons?region_id=reg_01K9G4HA190556136E7RJQ4411&tour_handle=1d-fraser-island ← http://localhost:8000/ (200) - 22.651 ms
[32mhttp[39m:    GET /store/carts/cart_01K9P1VFMC0XG48KD9JRYN011A?fields=%2Bitems.*%2C%2Bitems.variant.*%2C%2Bitems.product.*%2C%2Bshipping_methods.*%2C%2Bshipping_address.*%2C%2Bbilling_address.*%2C%2Bpayment_collection.*%2C%2Bregion.* ← http://localhost:8000/ (304) - 29.421 ms
[32mhttp[39m:    POST /store/carts/cart_01K9P1VFMC0XG48KD9JRYN011A/line-items ← http://localhost:8000/ (200) - 111.458 ms
[32mhttp[39m:    GET /store/carts/cart_01K9P1VFMC0XG48KD9JRYN011A?fields=%2Bitems.*%2C%2Bitems.variant.*%2C%2Bitems.product.*%2C%2Bshipping_methods.*%2C%2Bshipping_address.*%2C%2Bbilling_address.*%2C%2Bpayment_collection.*%2C%2Bregion.* ← http://localhost:8000/ (200) - 22.546 ms
[32mhttp[39m:    OPTIONS /store/add-ons?region_id=reg_01K9G4HA190556136E7RJQ4411&tour_handle=1d-fraser-island ← http://localhost:8000/ (204) - 0.250 ms
[32mhttp[39m:    OPTIONS /store/carts/cart_01K9P1VFMC0XG48KD9JRYN011A/line-items/cali_01K9P1VYGGJ93SAS5C3E80TH11 ← http://localhost:8000/ (204) - 0.171 ms
{"timestamp":"2025-11-10T04:54:55.362Z","level":"debug","message":"Fetching add-ons collection","context":{"endpoint":"GET /store/add-ons","region_id":"reg_01K9G4HA190556136E7RJQ4411","currency_code":"aud","tour_handle":"1d-fraser-island"}}
{"timestamp":"2025-11-10T04:54:55.363Z","level":"debug","message":"Fetching products in add-ons collection with calculated prices","context":{"endpoint":"GET /store/add-ons","collectionId":"pcol_01K9FWH3KMH96DNKKBBB0M51XA"}}
{"timestamp":"2025-11-10T04:54:55.389Z","level":"debug","message":"Filtered add-ons by tour","context":{"endpoint":"GET /store/add-ons","tour_handle":"1d-fraser-island","count":10}}
{"timestamp":"2025-11-10T04:54:55.389Z","level":"info","message":"Add-ons fetched successfully","context":{"endpoint":"GET /store/add-ons","count":10,"timing_ms":27,"performanceTarget":true}}
[32mhttp[39m:    GET /store/add-ons?region_id=reg_01K9G4HA190556136E7RJQ4411&tour_handle=1d-fraser-island ← http://localhost:8000/ (200) - 30.031 ms
[32mhttp[39m:    DELETE /store/carts/cart_01K9P1VFMC0XG48KD9JRYN011A/line-items/cali_01K9P1VYGGJ93SAS5C3E80TH11 ← http://localhost:8000/ (200) - 65.338 ms
[32mhttp[39m:    GET /store/carts/cart_01K9P1VFMC0XG48KD9JRYN011A?fields=%2Bitems.*%2C%2Bitems.variant.*%2C%2Bitems.product.*%2C%2Bshipping_methods.*%2C%2Bshipping_address.*%2C%2Bbilling_address.*%2C%2Bpayment_collection.*%2C%2Bregion.* ← http://localhost:8000/ (200) - 19.625 ms
[32mhttp[39m:    OPTIONS /store/add-ons?region_id=reg_01K9G4HA190556136E7RJQ4411&tour_handle=1d-fraser-island ← http://localhost:8000/ (204) - 0.210 ms
{"timestamp":"2025-11-10T04:54:55.458Z","level":"debug","message":"Fetching add-ons collection","context":{"endpoint":"GET /store/add-ons","region_id":"reg_01K9G4HA190556136E7RJQ4411","currency_code":"aud","tour_handle":"1d-fraser-island"}}
{"timestamp":"2025-11-10T04:54:55.459Z","level":"debug","message":"Fetching products in add-ons collection with calculated prices","context":{"endpoint":"GET /store/add-ons","collectionId":"pcol_01K9FWH3KMH96DNKKBBB0M51XA"}}
{"timestamp":"2025-11-10T04:54:55.475Z","level":"debug","message":"Filtered add-ons by tour","context":{"endpoint":"GET /store/add-ons","tour_handle":"1d-fraser-island","count":10}}
{"timestamp":"2025-11-10T04:54:55.475Z","level":"info","message":"Add-ons fetched successfully","context":{"endpoint":"GET /store/add-ons","count":10,"timing_ms":17,"performanceTarget":true}}
[32mhttp[39m:    GET /store/add-ons?region_id=reg_01K9G4HA190556136E7RJQ4411&tour_handle=1d-fraser-island ← http://localhost:8000/ (200) - 19.872 ms
[32mhttp[39m:    OPTIONS /store/add-ons?region_id=reg_01K9G4HA190556136E7RJQ4411&tour_handle=1d-fraser-island ← http://localhost:8000/ (204) - 0.387 ms
{"timestamp":"2025-11-10T04:54:56.503Z","level":"debug","message":"Fetching add-ons collection","context":{"endpoint":"GET /store/add-ons","region_id":"reg_01K9G4HA190556136E7RJQ4411","currency_code":"aud","tour_handle":"1d-fraser-island"}}
{"timestamp":"2025-11-10T04:54:56.504Z","level":"debug","message":"Fetching products in add-ons collection with calculated prices","context":{"endpoint":"GET /store/add-ons","collectionId":"pcol_01K9FWH3KMH96DNKKBBB0M51XA"}}
{"timestamp":"2025-11-10T04:54:56.517Z","level":"debug","message":"Filtered add-ons by tour","context":{"endpoint":"GET /store/add-ons","tour_handle":"1d-fraser-island","count":10}}
{"timestamp":"2025-11-10T04:54:56.517Z","level":"info","message":"Add-ons fetched successfully","context":{"endpoint":"GET /store/add-ons","count":10,"timing_ms":14,"performanceTarget":true}}
[32mhttp[39m:    GET /store/add-ons?region_id=reg_01K9G4HA190556136E7RJQ4411&tour_handle=1d-fraser-island ← http://localhost:8000/ (200) - 16.597 ms
[32mhttp[39m:    OPTIONS /store/carts/cart_01K9P1VFMC0XG48KD9JRYN011A?fields=%2Bitems.*%2C%2Bitems.variant.*%2C%2Bitems.product.*%2C%2Bshipping_methods.*%2C%2Bshipping_address.*%2C%2Bbilling_address.*%2C%2Bpayment_collection.*%2C%2Bregion.* ← http://localhost:8000/ (204) - 0.263 ms
[32mhttp[39m:    GET /store/carts/cart_01K9P1VFMC0XG48KD9JRYN011A?fields=%2Bitems.*%2C%2Bitems.variant.*%2C%2Bitems.product.*%2C%2Bshipping_methods.*%2C%2Bshipping_address.*%2C%2Bbilling_address.*%2C%2Bpayment_collection.*%2C%2Bregion.* ← http://localhost:8000/ (304) - 22.750 ms
[32mhttp[39m:    OPTIONS /store/carts/cart_01K9P1VFMC0XG48KD9JRYN011A/line-items ← http://localhost:8000/ (204) - 0.255 ms
[32mhttp[39m:    POST /store/carts/cart_01K9P1VFMC0XG48KD9JRYN011A/line-items ← http://localhost:8000/ (200) - 98.270 ms
[32mhttp[39m:    GET /store/carts/cart_01K9P1VFMC0XG48KD9JRYN011A?fields=%2Bitems.*%2C%2Bitems.variant.*%2C%2Bitems.product.*%2C%2Bshipping_methods.*%2C%2Bshipping_address.*%2C%2Bbilling_address.*%2C%2Bpayment_collection.*%2C%2Bregion.* ← http://localhost:8000/ (200) - 22.276 ms
[32mhttp[39m:    OPTIONS /store/add-ons?region_id=reg_01K9G4HA190556136E7RJQ4411&tour_handle=1d-fraser-island ← http://localhost:8000/ (204) - 0.247 ms
[32mhttp[39m:    OPTIONS /store/carts/cart_01K9P1VFMC0XG48KD9JRYN011A/line-items/cali_01K9P1W1CKQ90BBD2N8E2FXB5S ← http://localhost:8000/ (204) - 0.156 ms
{"timestamp":"2025-11-10T04:54:58.299Z","level":"debug","message":"Fetching add-ons collection","context":{"endpoint":"GET /store/add-ons","region_id":"reg_01K9G4HA190556136E7RJQ4411","currency_code":"aud","tour_handle":"1d-fraser-island"}}
{"timestamp":"2025-11-10T04:54:58.301Z","level":"debug","message":"Fetching products in add-ons collection with calculated prices","context":{"endpoint":"GET /store/add-ons","collectionId":"pcol_01K9FWH3KMH96DNKKBBB0M51XA"}}
{"timestamp":"2025-11-10T04:54:58.325Z","level":"debug","message":"Filtered add-ons by tour","context":{"endpoint":"GET /store/add-ons","tour_handle":"1d-fraser-island","count":10}}
{"timestamp":"2025-11-10T04:54:58.325Z","level":"info","message":"Add-ons fetched successfully","context":{"endpoint":"GET /store/add-ons","count":10,"timing_ms":26,"performanceTarget":true}}
[32mhttp[39m:    GET /store/add-ons?region_id=reg_01K9G4HA190556136E7RJQ4411&tour_handle=1d-fraser-island ← http://localhost:8000/ (200) - 28.398 ms
[32mhttp[39m:    DELETE /store/carts/cart_01K9P1VFMC0XG48KD9JRYN011A/line-items/cali_01K9P1W1CKQ90BBD2N8E2FXB5S ← http://localhost:8000/ (200) - 63.275 ms
[32mhttp[39m:    GET /store/carts/cart_01K9P1VFMC0XG48KD9JRYN011A?fields=%2Bitems.*%2C%2Bitems.variant.*%2C%2Bitems.product.*%2C%2Bshipping_methods.*%2C%2Bshipping_address.*%2C%2Bbilling_address.*%2C%2Bpayment_collection.*%2C%2Bregion.* ← http://localhost:8000/ (200) - 18.539 ms
[32mhttp[39m:    OPTIONS /store/add-ons?region_id=reg_01K9G4HA190556136E7RJQ4411&tour_handle=1d-fraser-island ← http://localhost:8000/ (204) - 0.221 ms
{"timestamp":"2025-11-10T04:54:58.394Z","level":"debug","message":"Fetching add-ons collection","context":{"endpoint":"GET /store/add-ons","region_id":"reg_01K9G4HA190556136E7RJQ4411","currency_code":"aud","tour_handle":"1d-fraser-island"}}
{"timestamp":"2025-11-10T04:54:58.395Z","level":"debug","message":"Fetching products in add-ons collection with calculated prices","context":{"endpoint":"GET /store/add-ons","collectionId":"pcol_01K9FWH3KMH96DNKKBBB0M51XA"}}
{"timestamp":"2025-11-10T04:54:58.413Z","level":"debug","message":"Filtered add-ons by tour","context":{"endpoint":"GET /store/add-ons","tour_handle":"1d-fraser-island","count":10}}
{"timestamp":"2025-11-10T04:54:58.413Z","level":"info","message":"Add-ons fetched successfully","context":{"endpoint":"GET /store/add-ons","count":10,"timing_ms":19,"performanceTarget":true}}
[32mhttp[39m:    GET /store/add-ons?region_id=reg_01K9G4HA190556136E7RJQ4411&tour_handle=1d-fraser-island ← http://localhost:8000/ (200) - 21.721 ms
[32mhttp[39m:    OPTIONS /store/add-ons?region_id=reg_01K9G4HA190556136E7RJQ4411&tour_handle=1d-fraser-island ← http://localhost:8000/ (204) - 0.296 ms
{"timestamp":"2025-11-10T04:54:59.270Z","level":"debug","message":"Fetching add-ons collection","context":{"endpoint":"GET /store/add-ons","region_id":"reg_01K9G4HA190556136E7RJQ4411","currency_code":"aud","tour_handle":"1d-fraser-island"}}
{"timestamp":"2025-11-10T04:54:59.271Z","level":"debug","message":"Fetching products in add-ons collection with calculated prices","context":{"endpoint":"GET /store/add-ons","collectionId":"pcol_01K9FWH3KMH96DNKKBBB0M51XA"}}
{"timestamp":"2025-11-10T04:54:59.293Z","level":"debug","message":"Filtered add-ons by tour","context":{"endpoint":"GET /store/add-ons","tour_handle":"1d-fraser-island","count":10}}
{"timestamp":"2025-11-10T04:54:59.293Z","level":"info","message":"Add-ons fetched successfully","context":{"endpoint":"GET /store/add-ons","count":10,"timing_ms":23,"performanceTarget":true}}
[32mhttp[39m:    GET /store/add-ons?region_id=reg_01K9G4HA190556136E7RJQ4411&tour_handle=1d-fraser-island ← http://localhost:8000/ (200) - 27.822 ms
[32minfo[39m:    [Cleanup Job] Starting expired holds cleanup...
[31merror[39m:   undefined
{
  error: "Could not resolve 'holdService'.\n\nResolution path: holdService",
  stack: "AwilixResolutionError: Could not resolve 'holdService'.\n" +
    '\n' +
    'Resolution path: holdService\n' +
    '    at resolve (/Users/Karim/med-usa-4wd/node_modules/awilix/src/container.ts:497:15)\n' +
    '    at Object.resolve (/Users/Karim/med-usa-4wd/node_modules/@medusajs/orchestration/src/workflow/local-workflow.ts:105:24)\n' +
    '    at cleanupExpiredHoldsJob (/Users/Karim/med-usa-4wd/src/jobs/cleanup-expired-holds.ts:34:35)\n' +
    '    at Object.<anonymous> (/Users/Karim/med-usa-4wd/node_modules/@medusajs/framework/src/jobs/job-loader.ts:95:29)\n' +
    '    at Object.invoke (/Users/Karim/med-usa-4wd/node_modules/@medusajs/workflows-sdk/src/utils/composer/helpers/create-step-handler.ts:91:67)\n' +
    '    at DistributedTransaction.handler (/Users/Karim/med-usa-4wd/node_modules/@medusajs/orchestration/src/workflow/workflow-manager.ts:214:43)\n' +
    '    at stepHandler (/Users/Karim/med-usa-4wd/node_modules/@medusajs/orchestration/src/transaction/transaction-orchestrator.ts:1186:32)\n' +
    '    at TransactionOrchestrator.executeSyncStep (/Users/Karim/med-usa-4wd/node_modules/@medusajs/orchestration/src/transaction/transaction-orchestrator.ts:1206:12)\n' +
    '    at TransactionOrchestrator.executeNext (/Users/Karim/med-usa-4wd/node_modules/@medusajs/orchestration/src/transaction/transaction-orchestrator.ts:1020:18)\n' +
    '    at processTicksAndRejections (node:internal/process/task_queues:95:5)',
  timestamp: '2025-11-10T04:55:00.019Z'
}
[31merror[39m:   Scheduled job cleanup-expired-holds failed with error: Could not resolve 'holdService'.

Resolution path: holdService
[31merror[39m:   job-cleanup-expired-holds:cleanup-expired-holds-as-step:invoke - Could not resolve 'holdService'.

Resolution path: holdService
AwilixResolutionError: Could not resolve 'holdService'.

Resolution path: holdService
    at resolve (/Users/Karim/med-usa-4wd/node_modules/awilix/src/container.ts:497:15)
    at Object.resolve (/Users/Karim/med-usa-4wd/node_modules/@medusajs/orchestration/src/workflow/local-workflow.ts:105:24)
    at cleanupExpiredHoldsJob (/Users/Karim/med-usa-4wd/src/jobs/cleanup-expired-holds.ts:34:35)
    at Object.<anonymous> (/Users/Karim/med-usa-4wd/node_modules/@medusajs/framework/src/jobs/job-loader.ts:95:29)
    at Object.invoke (/Users/Karim/med-usa-4wd/node_modules/@medusajs/workflows-sdk/src/utils/composer/helpers/create-step-handler.ts:91:67)
    at DistributedTransaction.handler (/Users/Karim/med-usa-4wd/node_modules/@medusajs/orchestration/src/workflow/workflow-manager.ts:214:43)
    at stepHandler (/Users/Karim/med-usa-4wd/node_modules/@medusajs/orchestration/src/transaction/transaction-orchestrator.ts:1186:32)
    at TransactionOrchestrator.executeSyncStep (/Users/Karim/med-usa-4wd/node_modules/@medusajs/orchestration/src/transaction/transaction-orchestrator.ts:1206:12)
    at TransactionOrchestrator.executeNext (/Users/Karim/med-usa-4wd/node_modules/@medusajs/orchestration/src/transaction/transaction-orchestrator.ts:1020:18)
    at processTicksAndRejections (node:internal/process/task_queues:95:5)
⮑ sat /Users/Karim/med-usa-4wd/node_modules/@medusajs/framework/dist/jobs/job-loader.js: [job-cleanup-expired-holds -> cleanup-expired-holds-as-step (invoke)]
[32mhttp[39m:    GET /store/carts/cart_01K9P1VFMC0XG48KD9JRYN011A?fields=%2Bitems.*%2C%2Bitems.variant.*%2C%2Bitems.product.*%2C%2Bshipping_methods.*%2C%2Bshipping_address.*%2C%2Bbilling_address.*%2C%2Bpayment_collection.*%2C%2Bregion.* ← http://localhost:8000/ (304) - 21.919 ms
[32mhttp[39m:    POST /store/carts/cart_01K9P1VFMC0XG48KD9JRYN011A/line-items ← http://localhost:8000/ (200) - 96.223 ms
[32mhttp[39m:    GET /store/carts/cart_01K9P1VFMC0XG48KD9JRYN011A?fields=%2Bitems.*%2C%2Bitems.variant.*%2C%2Bitems.product.*%2C%2Bshipping_methods.*%2C%2Bshipping_address.*%2C%2Bbilling_address.*%2C%2Bpayment_collection.*%2C%2Bregion.* ← http://localhost:8000/ (200) - 18.964 ms
[32mhttp[39m:    OPTIONS /store/add-ons?region_id=reg_01K9G4HA190556136E7RJQ4411&tour_handle=1d-fraser-island ← http://localhost:8000/ (204) - 0.273 ms
[32mhttp[39m:    OPTIONS /store/carts/cart_01K9P1VFMC0XG48KD9JRYN011A/line-items/cali_01K9P1W4ZA2NPY923KFB36PZN3 ← http://localhost:8000/ (204) - 0.130 ms
{"timestamp":"2025-11-10T04:55:01.966Z","level":"debug","message":"Fetching add-ons collection","context":{"endpoint":"GET /store/add-ons","region_id":"reg_01K9G4HA190556136E7RJQ4411","currency_code":"aud","tour_handle":"1d-fraser-island"}}
{"timestamp":"2025-11-10T04:55:01.968Z","level":"debug","message":"Fetching products in add-ons collection with calculated prices","context":{"endpoint":"GET /store/add-ons","collectionId":"pcol_01K9FWH3KMH96DNKKBBB0M51XA"}}
{"timestamp":"2025-11-10T04:55:01.990Z","level":"debug","message":"Filtered add-ons by tour","context":{"endpoint":"GET /store/add-ons","tour_handle":"1d-fraser-island","count":10}}
{"timestamp":"2025-11-10T04:55:01.991Z","level":"info","message":"Add-ons fetched successfully","context":{"endpoint":"GET /store/add-ons","count":10,"timing_ms":25,"performanceTarget":true}}
[32mhttp[39m:    GET /store/add-ons?region_id=reg_01K9G4HA190556136E7RJQ4411&tour_handle=1d-fraser-island ← http://localhost:8000/ (200) - 27.059 ms
[32mhttp[39m:    DELETE /store/carts/cart_01K9P1VFMC0XG48KD9JRYN011A/line-items/cali_01K9P1W4ZA2NPY923KFB36PZN3 ← http://localhost:8000/ (200) - 60.609 ms
[32mhttp[39m:    GET /store/carts/cart_01K9P1VFMC0XG48KD9JRYN011A?fields=%2Bitems.*%2C%2Bitems.variant.*%2C%2Bitems.product.*%2C%2Bshipping_methods.*%2C%2Bshipping_address.*%2C%2Bbilling_address.*%2C%2Bpayment_collection.*%2C%2Bregion.* ← http://localhost:8000/ (200) - 34.488 ms
[32mhttp[39m:    OPTIONS /store/add-ons?region_id=reg_01K9G4HA190556136E7RJQ4411&tour_handle=1d-fraser-island ← http://localhost:8000/ (204) - 0.670 ms
{"timestamp":"2025-11-10T04:55:02.075Z","level":"debug","message":"Fetching add-ons collection","context":{"endpoint":"GET /store/add-ons","region_id":"reg_01K9G4HA190556136E7RJQ4411","currency_code":"aud","tour_handle":"1d-fraser-island"}}
{"timestamp":"2025-11-10T04:55:02.075Z","level":"debug","message":"Fetching products in add-ons collection with calculated prices","context":{"endpoint":"GET /store/add-ons","collectionId":"pcol_01K9FWH3KMH96DNKKBBB0M51XA"}}
{"timestamp":"2025-11-10T04:55:02.092Z","level":"debug","message":"Filtered add-ons by tour","context":{"endpoint":"GET /store/add-ons","tour_handle":"1d-fraser-island","count":10}}
{"timestamp":"2025-11-10T04:55:02.092Z","level":"info","message":"Add-ons fetched successfully","context":{"endpoint":"GET /store/add-ons","count":10,"timing_ms":17,"performanceTarget":true}}
[32mhttp[39m:    GET /store/add-ons?region_id=reg_01K9G4HA190556136E7RJQ4411&tour_handle=1d-fraser-island ← http://localhost:8000/ (200) - 21.091 ms
[32mhttp[39m:    GET /store/carts/cart_01K9P1VFMC0XG48KD9JRYN011A?fields=%2Bitems.*%2C%2Bitems.variant.*%2C%2Bitems.product.*%2C%2Bshipping_methods.*%2C%2Bshipping_address.*%2C%2Bbilling_address.*%2C%2Bpayment_collection.*%2C%2Bregion.* ← http://localhost:8000/ (304) - 25.181 ms
[32mhttp[39m:    POST /store/carts/cart_01K9P1VFMC0XG48KD9JRYN011A/line-items ← http://localhost:8000/ (200) - 107.135 ms
[32mhttp[39m:    GET /store/carts/cart_01K9P1VFMC0XG48KD9JRYN011A?fields=%2Bitems.*%2C%2Bitems.variant.*%2C%2Bitems.product.*%2C%2Bshipping_methods.*%2C%2Bshipping_address.*%2C%2Bbilling_address.*%2C%2Bpayment_collection.*%2C%2Bregion.* ← http://localhost:8000/ (200) - 25.630 ms
[32mhttp[39m:    OPTIONS /store/add-ons?region_id=reg_01K9G4HA190556136E7RJQ4411&tour_handle=1d-fraser-island ← http://localhost:8000/ (204) - 0.314 ms
[32mhttp[39m:    OPTIONS /store/carts/cart_01K9P1VFMC0XG48KD9JRYN011A/line-items/cali_01K9P1W64JY3EVT3H9M579G5YP ← http://localhost:8000/ (204) - 0.226 ms
{"timestamp":"2025-11-10T04:55:03.167Z","level":"debug","message":"Fetching add-ons collection","context":{"endpoint":"GET /store/add-ons","region_id":"reg_01K9G4HA190556136E7RJQ4411","currency_code":"aud","tour_handle":"1d-fraser-island"}}
{"timestamp":"2025-11-10T04:55:03.168Z","level":"debug","message":"Fetching products in add-ons collection with calculated prices","context":{"endpoint":"GET /store/add-ons","collectionId":"pcol_01K9FWH3KMH96DNKKBBB0M51XA"}}
{"timestamp":"2025-11-10T04:55:03.193Z","level":"debug","message":"Filtered add-ons by tour","context":{"endpoint":"GET /store/add-ons","tour_handle":"1d-fraser-island","count":10}}
{"timestamp":"2025-11-10T04:55:03.193Z","level":"info","message":"Add-ons fetched successfully","context":{"endpoint":"GET /store/add-ons","count":10,"timing_ms":26,"performanceTarget":true}}
[32mhttp[39m:    GET /store/add-ons?region_id=reg_01K9G4HA190556136E7RJQ4411&tour_handle=1d-fraser-island ← http://localhost:8000/ (200) - 31.119 ms
[32mhttp[39m:    DELETE /store/carts/cart_01K9P1VFMC0XG48KD9JRYN011A/line-items/cali_01K9P1W64JY3EVT3H9M579G5YP ← http://localhost:8000/ (200) - 75.014 ms
[32mhttp[39m:    OPTIONS /store/carts/cart_01K9P1VFMC0XG48KD9JRYN011A?fields=%2Bitems.*%2C%2Bitems.variant.*%2C%2Bitems.product.*%2C%2Bshipping_methods.*%2C%2Bshipping_address.*%2C%2Bbilling_address.*%2C%2Bpayment_collection.*%2C%2Bregion.* ← http://localhost:8000/ (204) - 0.236 ms
[32mhttp[39m:    GET /store/carts/cart_01K9P1VFMC0XG48KD9JRYN011A?fields=%2Bitems.*%2C%2Bitems.variant.*%2C%2Bitems.product.*%2C%2Bshipping_methods.*%2C%2Bshipping_address.*%2C%2Bbilling_address.*%2C%2Bpayment_collection.*%2C%2Bregion.* ← http://localhost:8000/ (200) - 21.646 ms
[32mhttp[39m:    OPTIONS /store/add-ons?region_id=reg_01K9G4HA190556136E7RJQ4411&tour_handle=1d-fraser-island ← http://localhost:8000/ (204) - 0.270 ms
{"timestamp":"2025-11-10T04:55:03.279Z","level":"debug","message":"Fetching add-ons collection","context":{"endpoint":"GET /store/add-ons","region_id":"reg_01K9G4HA190556136E7RJQ4411","currency_code":"aud","tour_handle":"1d-fraser-island"}}
{"timestamp":"2025-11-10T04:55:03.280Z","level":"debug","message":"Fetching products in add-ons collection with calculated prices","context":{"endpoint":"GET /store/add-ons","collectionId":"pcol_01K9FWH3KMH96DNKKBBB0M51XA"}}
{"timestamp":"2025-11-10T04:55:03.298Z","level":"debug","message":"Filtered add-ons by tour","context":{"endpoint":"GET /store/add-ons","tour_handle":"1d-fraser-island","count":10}}
{"timestamp":"2025-11-10T04:55:03.298Z","level":"info","message":"Add-ons fetched successfully","context":{"endpoint":"GET /store/add-ons","count":10,"timing_ms":19,"performanceTarget":true}}
[32mhttp[39m:    GET /store/add-ons?region_id=reg_01K9G4HA190556136E7RJQ4411&tour_handle=1d-fraser-island ← http://localhost:8000/ (200) - 22.121 ms
[32mhttp[39m:    GET /store/carts/cart_01K9P1VFMC0XG48KD9JRYN011A?fields=%2Bitems.*%2C%2Bitems.variant.*%2C%2Bitems.product.*%2C%2Bshipping_methods.*%2C%2Bshipping_address.*%2C%2Bbilling_address.*%2C%2Bpayment_collection.*%2C%2Bregion.* ← http://localhost:8000/ (304) - 19.757 ms
[32mhttp[39m:    OPTIONS /store/carts/cart_01K9P1VFMC0XG48KD9JRYN011A/line-items ← http://localhost:8000/ (204) - 0.280 ms
[32mhttp[39m:    POST /store/carts/cart_01K9P1VFMC0XG48KD9JRYN011A/line-items ← http://localhost:8000/ (200) - 112.348 ms
[32mhttp[39m:    GET /store/carts/cart_01K9P1VFMC0XG48KD9JRYN011A?fields=%2Bitems.*%2C%2Bitems.variant.*%2C%2Bitems.product.*%2C%2Bshipping_methods.*%2C%2Bshipping_address.*%2C%2Bbilling_address.*%2C%2Bpayment_collection.*%2C%2Bregion.* ← http://localhost:8000/ (200) - 21.119 ms
[32mhttp[39m:    OPTIONS /store/add-ons?region_id=reg_01K9G4HA190556136E7RJQ4411&tour_handle=1d-fraser-island ← http://localhost:8000/ (204) - 0.270 ms
[32mhttp[39m:    OPTIONS /store/carts/cart_01K9P1VFMC0XG48KD9JRYN011A/line-items/cali_01K9P1W775QXDW6VSNNE2EV57P ← http://localhost:8000/ (204) - 0.209 ms
{"timestamp":"2025-11-10T04:55:04.274Z","level":"debug","message":"Fetching add-ons collection","context":{"endpoint":"GET /store/add-ons","region_id":"reg_01K9G4HA190556136E7RJQ4411","currency_code":"aud","tour_handle":"1d-fraser-island"}}
{"timestamp":"2025-11-10T04:55:04.276Z","level":"debug","message":"Fetching products in add-ons collection with calculated prices","context":{"endpoint":"GET /store/add-ons","collectionId":"pcol_01K9FWH3KMH96DNKKBBB0M51XA"}}
{"timestamp":"2025-11-10T04:55:04.296Z","level":"debug","message":"Filtered add-ons by tour","context":{"endpoint":"GET /store/add-ons","tour_handle":"1d-fraser-island","count":10}}
{"timestamp":"2025-11-10T04:55:04.297Z","level":"info","message":"Add-ons fetched successfully","context":{"endpoint":"GET /store/add-ons","count":10,"timing_ms":23,"performanceTarget":true}}
[32mhttp[39m:    GET /store/add-ons?region_id=reg_01K9G4HA190556136E7RJQ4411&tour_handle=1d-fraser-island ← http://localhost:8000/ (200) - 25.546 ms
[32mhttp[39m:    DELETE /store/carts/cart_01K9P1VFMC0XG48KD9JRYN011A/line-items/cali_01K9P1W775QXDW6VSNNE2EV57P ← http://localhost:8000/ (200) - 74.017 ms
[32mhttp[39m:    GET /store/carts/cart_01K9P1VFMC0XG48KD9JRYN011A?fields=%2Bitems.*%2C%2Bitems.variant.*%2C%2Bitems.product.*%2C%2Bshipping_methods.*%2C%2Bshipping_address.*%2C%2Bbilling_address.*%2C%2Bpayment_collection.*%2C%2Bregion.* ← http://localhost:8000/ (200) - 24.374 ms
[32mhttp[39m:    OPTIONS /store/add-ons?region_id=reg_01K9G4HA190556136E7RJQ4411&tour_handle=1d-fraser-island ← http://localhost:8000/ (204) - 0.277 ms
{"timestamp":"2025-11-10T04:55:04.385Z","level":"debug","message":"Fetching add-ons collection","context":{"endpoint":"GET /store/add-ons","region_id":"reg_01K9G4HA190556136E7RJQ4411","currency_code":"aud","tour_handle":"1d-fraser-island"}}
{"timestamp":"2025-11-10T04:55:04.386Z","level":"debug","message":"Fetching products in add-ons collection with calculated prices","context":{"endpoint":"GET /store/add-ons","collectionId":"pcol_01K9FWH3KMH96DNKKBBB0M51XA"}}
{"timestamp":"2025-11-10T04:55:04.405Z","level":"debug","message":"Filtered add-ons by tour","context":{"endpoint":"GET /store/add-ons","tour_handle":"1d-fraser-island","count":10}}
{"timestamp":"2025-11-10T04:55:04.406Z","level":"info","message":"Add-ons fetched successfully","context":{"endpoint":"GET /store/add-ons","count":10,"timing_ms":21,"performanceTarget":true}}
[32mhttp[39m:    GET /store/add-ons?region_id=reg_01K9G4HA190556136E7RJQ4411&tour_handle=1d-fraser-island ← http://localhost:8000/ (200) - 23.357 ms
[32mhttp[39m:    GET /store/carts/cart_01K9P1VFMC0XG48KD9JRYN011A?fields=%2Bitems.*%2C%2Bitems.variant.*%2C%2Bitems.product.*%2C%2Bshipping_methods.*%2C%2Bshipping_address.*%2C%2Bbilling_address.*%2C%2Bpayment_collection.*%2C%2Bregion.* ← http://localhost:8000/ (304) - 41.027 ms
[32mhttp[39m:    POST /store/carts/cart_01K9P1VFMC0XG48KD9JRYN011A/line-items ← http://localhost:8000/ (200) - 113.852 ms
[32mhttp[39m:    GET /store/carts/cart_01K9P1VFMC0XG48KD9JRYN011A?fields=%2Bitems.*%2C%2Bitems.variant.*%2C%2Bitems.product.*%2C%2Bshipping_methods.*%2C%2Bshipping_address.*%2C%2Bbilling_address.*%2C%2Bpayment_collection.*%2C%2Bregion.* ← http://localhost:8000/ (200) - 22.882 ms
[32mhttp[39m:    OPTIONS /store/add-ons?region_id=reg_01K9G4HA190556136E7RJQ4411&tour_handle=1d-fraser-island ← http://localhost:8000/ (204) - 0.358 ms
[32mhttp[39m:    OPTIONS /store/carts/cart_01K9P1VFMC0XG48KD9JRYN011A/line-items/cali_01K9P1W8GD1SNW6W18WMJY0G7Q ← http://localhost:8000/ (204) - 0.178 ms
{"timestamp":"2025-11-10T04:55:05.596Z","level":"debug","message":"Fetching add-ons collection","context":{"endpoint":"GET /store/add-ons","region_id":"reg_01K9G4HA190556136E7RJQ4411","currency_code":"aud","tour_handle":"1d-fraser-island"}}
{"timestamp":"2025-11-10T04:55:05.598Z","level":"debug","message":"Fetching products in add-ons collection with calculated prices","context":{"endpoint":"GET /store/add-ons","collectionId":"pcol_01K9FWH3KMH96DNKKBBB0M51XA"}}
{"timestamp":"2025-11-10T04:55:05.621Z","level":"debug","message":"Filtered add-ons by tour","context":{"endpoint":"GET /store/add-ons","tour_handle":"1d-fraser-island","count":10}}
{"timestamp":"2025-11-10T04:55:05.621Z","level":"info","message":"Add-ons fetched successfully","context":{"endpoint":"GET /store/add-ons","count":10,"timing_ms":25,"performanceTarget":true}}
[32mhttp[39m:    GET /store/add-ons?region_id=reg_01K9G4HA190556136E7RJQ4411&tour_handle=1d-fraser-island ← http://localhost:8000/ (200) - 28.859 ms
[32mhttp[39m:    DELETE /store/carts/cart_01K9P1VFMC0XG48KD9JRYN011A/line-items/cali_01K9P1W8GD1SNW6W18WMJY0G7Q ← http://localhost:8000/ (200) - 67.299 ms
[32mhttp[39m:    GET /store/carts/cart_01K9P1VFMC0XG48KD9JRYN011A?fields=%2Bitems.*%2C%2Bitems.variant.*%2C%2Bitems.product.*%2C%2Bshipping_methods.*%2C%2Bshipping_address.*%2C%2Bbilling_address.*%2C%2Bpayment_collection.*%2C%2Bregion.* ← http://localhost:8000/ (200) - 19.814 ms
[32mhttp[39m:    OPTIONS /store/add-ons?region_id=reg_01K9G4HA190556136E7RJQ4411&tour_handle=1d-fraser-island ← http://localhost:8000/ (204) - 0.201 ms
{"timestamp":"2025-11-10T04:55:05.695Z","level":"debug","message":"Fetching add-ons collection","context":{"endpoint":"GET /store/add-ons","region_id":"reg_01K9G4HA190556136E7RJQ4411","currency_code":"aud","tour_handle":"1d-fraser-island"}}
{"timestamp":"2025-11-10T04:55:05.696Z","level":"debug","message":"Fetching products in add-ons collection with calculated prices","context":{"endpoint":"GET /store/add-ons","collectionId":"pcol_01K9FWH3KMH96DNKKBBB0M51XA"}}
{"timestamp":"2025-11-10T04:55:05.713Z","level":"debug","message":"Filtered add-ons by tour","context":{"endpoint":"GET /store/add-ons","tour_handle":"1d-fraser-island","count":10}}
{"timestamp":"2025-11-10T04:55:05.713Z","level":"info","message":"Add-ons fetched successfully","context":{"endpoint":"GET /store/add-ons","count":10,"timing_ms":18,"performanceTarget":true}}
[32mhttp[39m:    GET /store/add-ons?region_id=reg_01K9G4HA190556136E7RJQ4411&tour_handle=1d-fraser-island ← http://localhost:8000/ (200) - 21.319 ms
[32mhttp[39m:    OPTIONS /store/add-ons?region_id=reg_01K9G4HA190556136E7RJQ4411&tour_handle=1d-fraser-island ← http://localhost:8000/ (204) - 4.283 ms
{"timestamp":"2025-11-10T04:55:14.289Z","level":"debug","message":"Fetching add-ons collection","context":{"endpoint":"GET /store/add-ons","region_id":"reg_01K9G4HA190556136E7RJQ4411","currency_code":"aud","tour_handle":"1d-fraser-island"}}
{"timestamp":"2025-11-10T04:55:14.293Z","level":"debug","message":"Fetching products in add-ons collection with calculated prices","context":{"endpoint":"GET /store/add-ons","collectionId":"pcol_01K9FWH3KMH96DNKKBBB0M51XA"}}
{"timestamp":"2025-11-10T04:55:14.338Z","level":"debug","message":"Filtered add-ons by tour","context":{"endpoint":"GET /store/add-ons","tour_handle":"1d-fraser-island","count":10}}
{"timestamp":"2025-11-10T04:55:14.339Z","level":"info","message":"Add-ons fetched successfully","context":{"endpoint":"GET /store/add-ons","count":10,"timing_ms":49,"performanceTarget":true}}
[32mhttp[39m:    GET /store/add-ons?region_id=reg_01K9G4HA190556136E7RJQ4411&tour_handle=1d-fraser-island ← http://localhost:8000/ (200) - 86.752 ms
[32mhttp[39m:    OPTIONS /store/add-ons?region_id=reg_01K9G4HA190556136E7RJQ4411&tour_handle=1d-fraser-island ← http://localhost:8000/ (204) - 0.291 ms
[32mhttp[39m:    OPTIONS /store/add-ons?region_id=reg_01K9G4HA190556136E7RJQ4411&tour_handle=1d-fraser-island ← http://localhost:8000/ (204) - 0.224 ms
{"timestamp":"2025-11-10T04:55:22.816Z","level":"debug","message":"Fetching add-ons collection","context":{"endpoint":"GET /store/add-ons","region_id":"reg_01K9G4HA190556136E7RJQ4411","currency_code":"aud","tour_handle":"1d-fraser-island"}}
{"timestamp":"2025-11-10T04:55:22.818Z","level":"debug","message":"Fetching products in add-ons collection with calculated prices","context":{"endpoint":"GET /store/add-ons","collectionId":"pcol_01K9FWH3KMH96DNKKBBB0M51XA"}}
{"timestamp":"2025-11-10T04:55:22.821Z","level":"debug","message":"Fetching add-ons collection","context":{"endpoint":"GET /store/add-ons","region_id":"reg_01K9G4HA190556136E7RJQ4411","currency_code":"aud","tour_handle":"1d-fraser-island"}}
{"timestamp":"2025-11-10T04:55:22.822Z","level":"debug","message":"Fetching products in add-ons collection with calculated prices","context":{"endpoint":"GET /store/add-ons","collectionId":"pcol_01K9FWH3KMH96DNKKBBB0M51XA"}}
{"timestamp":"2025-11-10T04:55:22.852Z","level":"debug","message":"Filtered add-ons by tour","context":{"endpoint":"GET /store/add-ons","tour_handle":"1d-fraser-island","count":10}}
{"timestamp":"2025-11-10T04:55:22.852Z","level":"info","message":"Add-ons fetched successfully","context":{"endpoint":"GET /store/add-ons","count":10,"timing_ms":36,"performanceTarget":true}}
[32mhttp[39m:    GET /store/add-ons?region_id=reg_01K9G4HA190556136E7RJQ4411&tour_handle=1d-fraser-island ← http://localhost:8000/ (200) - 42.021 ms
{"timestamp":"2025-11-10T04:55:22.853Z","level":"debug","message":"Filtered add-ons by tour","context":{"endpoint":"GET /store/add-ons","tour_handle":"1d-fraser-island","count":10}}
{"timestamp":"2025-11-10T04:55:22.853Z","level":"info","message":"Add-ons fetched successfully","context":{"endpoint":"GET /store/add-ons","count":10,"timing_ms":32,"performanceTarget":true}}
[32mhttp[39m:    GET /store/add-ons?region_id=reg_01K9G4HA190556136E7RJQ4411&tour_handle=1d-fraser-island ← http://localhost:8000/ (200) - 39.392 ms
[32mhttp[39m:    OPTIONS /store/add-ons?region_id=reg_01K9G4HA190556136E7RJQ4411&tour_handle=1d-fraser-island ← http://localhost:8000/ (204) - 0.270 ms
{"timestamp":"2025-11-10T04:55:24.934Z","level":"debug","message":"Fetching add-ons collection","context":{"endpoint":"GET /store/add-ons","region_id":"reg_01K9G4HA190556136E7RJQ4411","currency_code":"aud","tour_handle":"1d-fraser-island"}}
{"timestamp":"2025-11-10T04:55:24.935Z","level":"debug","message":"Fetching products in add-ons collection with calculated prices","context":{"endpoint":"GET /store/add-ons","collectionId":"pcol_01K9FWH3KMH96DNKKBBB0M51XA"}}
{"timestamp":"2025-11-10T04:55:24.959Z","level":"debug","message":"Filtered add-ons by tour","context":{"endpoint":"GET /store/add-ons","tour_handle":"1d-fraser-island","count":10}}
{"timestamp":"2025-11-10T04:55:24.959Z","level":"info","message":"Add-ons fetched successfully","context":{"endpoint":"GET /store/add-ons","count":10,"timing_ms":25,"performanceTarget":true}}
[32mhttp[39m:    GET /store/add-ons?region_id=reg_01K9G4HA190556136E7RJQ4411&tour_handle=1d-fraser-island ← http://localhost:8000/ (200) - 28.454 ms
[32mhttp[39m:    OPTIONS /store/add-ons?region_id=reg_01K9G4HA190556136E7RJQ4411&tour_handle=1d-fraser-island ← http://localhost:8000/ (204) - 0.308 ms
{"timestamp":"2025-11-10T04:55:26.583Z","level":"debug","message":"Fetching add-ons collection","context":{"endpoint":"GET /store/add-ons","region_id":"reg_01K9G4HA190556136E7RJQ4411","currency_code":"aud","tour_handle":"1d-fraser-island"}}
{"timestamp":"2025-11-10T04:55:26.584Z","level":"debug","message":"Fetching products in add-ons collection with calculated prices","context":{"endpoint":"GET /store/add-ons","collectionId":"pcol_01K9FWH3KMH96DNKKBBB0M51XA"}}
{"timestamp":"2025-11-10T04:55:26.601Z","level":"debug","message":"Filtered add-ons by tour","context":{"endpoint":"GET /store/add-ons","tour_handle":"1d-fraser-island","count":10}}
{"timestamp":"2025-11-10T04:55:26.601Z","level":"info","message":"Add-ons fetched successfully","context":{"endpoint":"GET /store/add-ons","count":10,"timing_ms":18,"performanceTarget":true}}
[32mhttp[39m:    GET /store/add-ons?region_id=reg_01K9G4HA190556136E7RJQ4411&tour_handle=1d-fraser-island ← http://localhost:8000/ (200) - 21.649 ms
[32mhttp[39m:    OPTIONS /store/add-ons?region_id=reg_01K9G4HA190556136E7RJQ4411&tour_handle=1d-fraser-island ← http://localhost:8000/ (204) - 0.293 ms
{"timestamp":"2025-11-10T04:55:28.375Z","level":"debug","message":"Fetching add-ons collection","context":{"endpoint":"GET /store/add-ons","region_id":"reg_01K9G4HA190556136E7RJQ4411","currency_code":"aud","tour_handle":"1d-fraser-island"}}
{"timestamp":"2025-11-10T04:55:28.375Z","level":"debug","message":"Fetching products in add-ons collection with calculated prices","context":{"endpoint":"GET /store/add-ons","collectionId":"pcol_01K9FWH3KMH96DNKKBBB0M51XA"}}
{"timestamp":"2025-11-10T04:55:28.394Z","level":"debug","message":"Filtered add-ons by tour","context":{"endpoint":"GET /store/add-ons","tour_handle":"1d-fraser-island","count":10}}
{"timestamp":"2025-11-10T04:55:28.394Z","level":"info","message":"Add-ons fetched successfully","context":{"endpoint":"GET /store/add-ons","count":10,"timing_ms":19,"performanceTarget":true}}
[32mhttp[39m:    GET /store/add-ons?region_id=reg_01K9G4HA190556136E7RJQ4411&tour_handle=1d-fraser-island ← http://localhost:8000/ (200) - 22.133 ms
[32mhttp[39m:    OPTIONS /store/add-ons?region_id=reg_01K9G4HA190556136E7RJQ4411&tour_handle=1d-fraser-island ← http://localhost:8000/ (204) - 0.273 ms
{"timestamp":"2025-11-10T04:55:29.206Z","level":"debug","message":"Fetching add-ons collection","context":{"endpoint":"GET /store/add-ons","region_id":"reg_01K9G4HA190556136E7RJQ4411","currency_code":"aud","tour_handle":"1d-fraser-island"}}
{"timestamp":"2025-11-10T04:55:29.207Z","level":"debug","message":"Fetching products in add-ons collection with calculated prices","context":{"endpoint":"GET /store/add-ons","collectionId":"pcol_01K9FWH3KMH96DNKKBBB0M51XA"}}
{"timestamp":"2025-11-10T04:55:29.226Z","level":"debug","message":"Filtered add-ons by tour","context":{"endpoint":"GET /store/add-ons","tour_handle":"1d-fraser-island","count":10}}
{"timestamp":"2025-11-10T04:55:29.226Z","level":"info","message":"Add-ons fetched successfully","context":{"endpoint":"GET /store/add-ons","count":10,"timing_ms":20,"performanceTarget":true}}
[32mhttp[39m:    GET /store/add-ons?region_id=reg_01K9G4HA190556136E7RJQ4411&tour_handle=1d-fraser-island ← http://localhost:8000/ (200) - 22.426 ms
